<?xml version="1.0" encoding="UTF-8"?>
<testsuite xmlns:xsi="http://www.w3.org/2001/XMLSchema-instance" xsi:noNamespaceSchemaLocation="https://maven.apache.org/surefire/maven-surefire-plugin/xsd/surefire-test-report.xsd" name="com.example.InsSortTest" time="0.146" tests="8" errors="8" skipped="0" failures="0">
  <properties>
[...]
</properties>
  <testcase name="testEmptyArray" classname="com.example.InsSortTest" time="0.009">
    <error message="Unresolved compilation problem: &#10;	The method insertionSort(int[], PerformanceTracker) is undefined for the type InsertionSort&#10;" type="java.lang.Error">java.lang.Error: 
Unresolved compilation problem: 
	The method insertionSort(int[], PerformanceTracker) is undefined for the type InsertionSort

	at com.example.InsSortTest.testEmptyArray(InsSortTest.java:32)
</error>
  </testcase>
  <testcase name="testArrayWithDuplicates" classname="com.example.InsSortTest" time="0">
    <error message="Unresolved compilation problem: &#10;	The method insertionSort(int[], PerformanceTracker) is undefined for the type InsertionSort&#10;" type="java.lang.Error">java.lang.Error: 
Unresolved compilation problem: 
	The method insertionSort(int[], PerformanceTracker) is undefined for the type InsertionSort

	at com.example.InsSortTest.testArrayWithDuplicates(InsSortTest.java:72)
</error>
  </testcase>
  <testcase name="testReverseSortedArray" classname="com.example.InsSortTest" time="0.004">
    <error message="Unresolved compilation problem: &#10;	The method insertionSort(int[], PerformanceTracker) is undefined for the type InsertionSort&#10;" type="java.lang.Error">java.lang.Error: 
Unresolved compilation problem: 
	The method insertionSort(int[], PerformanceTracker) is undefined for the type InsertionSort

	at com.example.InsSortTest.testReverseSortedArray(InsSortTest.java:62)
</error>
  </testcase>
  <testcase name="testAlreadySortedArray" classname="com.example.InsSortTest" time="0">
    <error message="Unresolved compilation problem: &#10;	The method insertionSort(int[], PerformanceTracker) is undefined for the type InsertionSort&#10;" type="java.lang.Error">java.lang.Error: 
Unresolved compilation problem: 
	The method insertionSort(int[], PerformanceTracker) is undefined for the type InsertionSort

	at com.example.InsSortTest.testAlreadySortedArray(InsSortTest.java:52)
</error>
  </testcase>
  <testcase name="testLargeArray" classname="com.example.InsSortTest" time="0.001">
    <error message="Unresolved compilation problem: &#10;	The method insertionSort(int[], PerformanceTracker) is undefined for the type InsertionSort&#10;" type="java.lang.Error">java.lang.Error: 
Unresolved compilation problem: 
	The method insertionSort(int[], PerformanceTracker) is undefined for the type InsertionSort

	at com.example.InsSortTest.testLargeArray(InsSortTest.java:89)
</error>
  </testcase>
  <testcase name="testSingleElementArray" classname="com.example.InsSortTest" time="0">
    <error message="Unresolved compilation problem: &#10;	The method insertionSort(int[], PerformanceTracker) is undefined for the type InsertionSort&#10;" type="java.lang.Error">java.lang.Error: 
Unresolved compilation problem: 
	The method insertionSort(int[], PerformanceTracker) is undefined for the type InsertionSort

	at com.example.InsSortTest.testSingleElementArray(InsSortTest.java:42)
</error>
  </testcase>
  <testcase name="testNullArray" classname="com.example.InsSortTest" time="0">
    <error message="Unexpected exception, expected&lt;java.lang.IllegalArgumentException&gt; but was&lt;java.lang.Error&gt;" type="java.lang.Exception"><![CDATA[java.lang.Exception: Unexpected exception, expected<java.lang.IllegalArgumentException> but was<java.lang.Error>
	at com.example.InsSortTest.testNullArray(InsSortTest.java:24)
]]></error>
  </testcase>
  <testcase name="testInsertionSort" classname="com.example.InsSortTest" time="0">
    <error message="Unresolved compilation problem: &#10;	The method insertionSort(int[], PerformanceTracker) is undefined for the type InsertionSort&#10;" type="java.lang.Error">java.lang.Error: 
Unresolved compilation problem: 
	The method insertionSort(int[], PerformanceTracker) is undefined for the type InsertionSort

	at com.example.InsSortTest.testInsertionSort(InsSortTest.java:16)
</error>
  </testcase>
</testsuite>