<?xml version="1.0" encoding="UTF-8"?>
<testsuite xmlns:xsi="http://www.w3.org/2001/XMLSchema-instance" xsi:noNamespaceSchemaLocation="https://maven.apache.org/surefire/maven-surefire-plugin/xsd/surefire-test-report.xsd" name="com.example.InsSortTest" time="0.146" tests="8" errors="8" skipped="0" failures="0">
  <properties>
    <property name="java.specification.version" value="17"/>
    <property name="sun.cpu.isalist" value="amd64"/>
    <property name="sun.jnu.encoding" value="Cp1251"/>
    <property name="java.class.path" value="C:\Users\Laptop\Desktop\Новаяпапка\Projects\Новая\Assignment2\demo\target\test-classes;C:\Users\Laptop\Desktop\Новаяпапка\Projects\Новая\Assignment2\demo\target\classes;C:\Users\Laptop\.m2\repository\junit\junit\4.11\junit-4.11.jar;C:\Users\Laptop\.m2\repository\org\hamcrest\hamcrest-core\1.3\hamcrest-core-1.3.jar;"/>
    <property name="java.vm.vendor" value="Oracle Corporation"/>
    <property name="sun.arch.data.model" value="64"/>
    <property name="user.variant" value=""/>
    <property name="java.vendor.url" value="https://java.oracle.com/"/>
    <property name="user.timezone" value="Asia/Qyzylorda"/>
    <property name="os.name" value="Windows 10"/>
    <property name="java.vm.specification.version" value="17"/>
    <property name="sun.java.launcher" value="SUN_STANDARD"/>
    <property name="user.country" value="RU"/>
    <property name="sun.boot.library.path" value="C:\Program Files\Java\jdk-17\bin"/>
    <property name="sun.java.command" value="C:\Users\Laptop\AppData\Local\Temp\surefire3761286020363695026\surefirebooter18094654487289229913.jar C:\Users\Laptop\AppData\Local\Temp\surefire3761286020363695026 2025-10-04T00-23-31_628-jvmRun1 surefire8976979930859605827tmp surefire_015347161592764787351tmp"/>
    <property name="jdk.debug" value="release"/>
    <property name="surefire.test.class.path" value="C:\Users\Laptop\Desktop\Новаяпапка\Projects\Новая\Assignment2\demo\target\test-classes;C:\Users\Laptop\Desktop\Новаяпапка\Projects\Новая\Assignment2\demo\target\classes;C:\Users\Laptop\.m2\repository\junit\junit\4.11\junit-4.11.jar;C:\Users\Laptop\.m2\repository\org\hamcrest\hamcrest-core\1.3\hamcrest-core-1.3.jar;"/>
    <property name="sun.cpu.endian" value="little"/>
    <property name="user.home" value="C:\Users\Laptop"/>
    <property name="user.language" value="ru"/>
    <property name="java.specification.vendor" value="Oracle Corporation"/>
    <property name="java.version.date" value="2024-07-16"/>
    <property name="java.home" value="C:\Program Files\Java\jdk-17"/>
    <property name="file.separator" value="\"/>
    <property name="basedir" value="C:\Users\Laptop\Desktop\Новаяпапка\Projects\Новая\Assignment2\demo"/>
    <property name="java.vm.compressedOopsMode" value="Zero based"/>
    <property name="line.separator" value="&#10;"/>
    <property name="java.vm.specification.vendor" value="Oracle Corporation"/>
    <property name="java.specification.name" value="Java Platform API Specification"/>
    <property name="surefire.real.class.path" value="C:\Users\Laptop\AppData\Local\Temp\surefire3761286020363695026\surefirebooter18094654487289229913.jar"/>
    <property name="user.script" value=""/>
    <property name="sun.management.compiler" value="HotSpot 64-Bit Tiered Compilers"/>
    <property name="java.runtime.version" value="17.0.12+8-LTS-286"/>
    <property name="user.name" value="Laptop"/>
    <property name="path.separator" value=";"/>
    <property name="os.version" value="10.0"/>
    <property name="java.runtime.name" value="Java(TM) SE Runtime Environment"/>
    <property name="file.encoding" value="Cp1251"/>
    <property name="java.vm.name" value="Java HotSpot(TM) 64-Bit Server VM"/>
    <property name="localRepository" value="C:\Users\Laptop\.m2\repository"/>
    <property name="java.vendor.url.bug" value="https://bugreport.java.com/bugreport/"/>
    <property name="java.io.tmpdir" value="C:\Users\Laptop\AppData\Local\Temp\"/>
    <property name="java.version" value="17.0.12"/>
    <property name="user.dir" value="C:\Users\Laptop\Desktop\Новаяпапка\Projects\Новая\Assignment2\demo"/>
    <property name="os.arch" value="amd64"/>
    <property name="java.vm.specification.name" value="Java Virtual Machine Specification"/>
    <property name="sun.os.patch.level" value=""/>
    <property name="native.encoding" value="Cp1251"/>
    <property name="java.library.path" value="C:\Program Files\Java\jdk-17\bin;C:\Windows\Sun\Java\bin;C:\Windows\system32;C:\Windows;C:\Program Files\NVIDIA GPU Computing Toolkit\CUDA\v12.9\bin;C:\Program Files\NVIDIA GPU Computing Toolkit\CUDA\v12.9\libnvvp;C:\Program Files\Common Files\Oracle\Java\javapath;C:\Program Files (x86)\Common Files\Oracle\Java\java8path;C:\Program Files (x86)\Common Files\Oracle\Java\javapath;C:\Windows\system32;C:\Windows;C:\Windows\System32\Wbem;C:\Windows\System32\WindowsPowerShell\v1.0\;C:\Windows\System32\OpenSSH\;C:\Program Files\dotnet\;C:\Program Files\Git\cmd;C:\Program Files (x86)\NVIDIA Corporation\PhysX\Common;C:\Program Files\Java\jdk-17\bin;C:\Users\Laptop\Downloads\apache-maven-3.9.11-bin\bin;C:\Program Files\nodejs\;C:\Program Files\NVIDIA Corporation\NVIDIA app\NvDLISR;C:\Users\Laptop\nuclei;C:\Program Files\Go\bin;C:\Program Files (x86)\Windows Kits\10\Windows Performance Toolkit\;C:\Program Files\PostgreSQL\16\bin;C:\Program Files\NVIDIA Corporation\Nsight Compute 2025.2.0\;C:\Users\Laptop\AppData\Local\Programs\Python\Python310;C:\Program Files\Docker\Docker\resources\bin;C:\Users\Laptop\Downloads\apache-maven-3.9.11-bin\apache-maven-3.9.11\bin;C:\Users\Laptop\AppData\Local\Programs\Python\Python310\Scripts\;C:\Users\Laptop\AppData\Local\Programs\Python\Python310\;C:\Users\Laptop\AppData\Local\Microsoft\WindowsApps;C:\Users\Laptop\AppData\Roaming\npm;C:\Users\Laptop\go\bin;C:\Users\Laptop\AppData\Local\Programs\Microsoft VS Code\bin;C:\Users\Laptop\AppData\Local\Programs\cursor\resources\app\bin;c:\Users\Laptop\AppData\Roaming\Code\User\globalStorage\github.copilot-chat\debugCommand;."/>
    <property name="java.vm.info" value="mixed mode, sharing"/>
    <property name="java.vendor" value="Oracle Corporation"/>
    <property name="java.vm.version" value="17.0.12+8-LTS-286"/>
    <property name="sun.io.unicode.encoding" value="UnicodeLittle"/>
    <property name="java.class.version" value="61.0"/>
  </properties>
  <testcase name="testEmptyArray" classname="com.example.InsSortTest" time="0.009">
    <error message="Unresolved compilation problem: &#10;	The method insertionSort(int[], PerformanceTracker) is undefined for the type InsertionSort&#10;" type="java.lang.Error">java.lang.Error: 
Unresolved compilation problem: 
	The method insertionSort(int[], PerformanceTracker) is undefined for the type InsertionSort

	at com.example.InsSortTest.testEmptyArray(InsSortTest.java:32)
</error>
  </testcase>
  <testcase name="testArrayWithDuplicates" classname="com.example.InsSortTest" time="0">
    <error message="Unresolved compilation problem: &#10;	The method insertionSort(int[], PerformanceTracker) is undefined for the type InsertionSort&#10;" type="java.lang.Error">java.lang.Error: 
Unresolved compilation problem: 
	The method insertionSort(int[], PerformanceTracker) is undefined for the type InsertionSort

	at com.example.InsSortTest.testArrayWithDuplicates(InsSortTest.java:72)
</error>
  </testcase>
  <testcase name="testReverseSortedArray" classname="com.example.InsSortTest" time="0.004">
    <error message="Unresolved compilation problem: &#10;	The method insertionSort(int[], PerformanceTracker) is undefined for the type InsertionSort&#10;" type="java.lang.Error">java.lang.Error: 
Unresolved compilation problem: 
	The method insertionSort(int[], PerformanceTracker) is undefined for the type InsertionSort

	at com.example.InsSortTest.testReverseSortedArray(InsSortTest.java:62)
</error>
  </testcase>
  <testcase name="testAlreadySortedArray" classname="com.example.InsSortTest" time="0">
    <error message="Unresolved compilation problem: &#10;	The method insertionSort(int[], PerformanceTracker) is undefined for the type InsertionSort&#10;" type="java.lang.Error">java.lang.Error: 
Unresolved compilation problem: 
	The method insertionSort(int[], PerformanceTracker) is undefined for the type InsertionSort

	at com.example.InsSortTest.testAlreadySortedArray(InsSortTest.java:52)
</error>
  </testcase>
  <testcase name="testLargeArray" classname="com.example.InsSortTest" time="0.001">
    <error message="Unresolved compilation problem: &#10;	The method insertionSort(int[], PerformanceTracker) is undefined for the type InsertionSort&#10;" type="java.lang.Error">java.lang.Error: 
Unresolved compilation problem: 
	The method insertionSort(int[], PerformanceTracker) is undefined for the type InsertionSort

	at com.example.InsSortTest.testLargeArray(InsSortTest.java:89)
</error>
  </testcase>
  <testcase name="testSingleElementArray" classname="com.example.InsSortTest" time="0">
    <error message="Unresolved compilation problem: &#10;	The method insertionSort(int[], PerformanceTracker) is undefined for the type InsertionSort&#10;" type="java.lang.Error">java.lang.Error: 
Unresolved compilation problem: 
	The method insertionSort(int[], PerformanceTracker) is undefined for the type InsertionSort

	at com.example.InsSortTest.testSingleElementArray(InsSortTest.java:42)
</error>
  </testcase>
  <testcase name="testNullArray" classname="com.example.InsSortTest" time="0">
    <error message="Unexpected exception, expected&lt;java.lang.IllegalArgumentException&gt; but was&lt;java.lang.Error&gt;" type="java.lang.Exception"><![CDATA[java.lang.Exception: Unexpected exception, expected<java.lang.IllegalArgumentException> but was<java.lang.Error>
	at com.example.InsSortTest.testNullArray(InsSortTest.java:24)
]]></error>
  </testcase>
  <testcase name="testInsertionSort" classname="com.example.InsSortTest" time="0">
    <error message="Unresolved compilation problem: &#10;	The method insertionSort(int[], PerformanceTracker) is undefined for the type InsertionSort&#10;" type="java.lang.Error">java.lang.Error: 
Unresolved compilation problem: 
	The method insertionSort(int[], PerformanceTracker) is undefined for the type InsertionSort

	at com.example.InsSortTest.testInsertionSort(InsSortTest.java:16)
</error>
  </testcase>
</testsuite>